
> ai-travel-planner@0.1.0 build
> next build

  ▲ Next.js 14.2.35
  - Environments: .env.local

   Creating an optimized production build ...
 ✓ Compiled successfully
   Linting and checking validity of types ...
   Collecting page data ...
⚠️  Node.js 18 and below are deprecated and will no longer be supported in future versions of @supabase/supabase-js. Please upgrade to Node.js 20 or later. For more information, visit: https://github.com/orgs/supabase/discussions/37217
⚠️  Node.js 18 and below are deprecated and will no longer be supported in future versions of @supabase/supabase-js. Please upgrade to Node.js 20 or later. For more information, visit: https://github.com/orgs/supabase/discussions/37217
⚠️  Node.js 18 and below are deprecated and will no longer be supported in future versions of @supabase/supabase-js. Please upgrade to Node.js 20 or later. For more information, visit: https://github.com/orgs/supabase/discussions/37217
⚠️  Node.js 18 and below are deprecated and will no longer be supported in future versions of @supabase/supabase-js. Please upgrade to Node.js 20 or later. For more information, visit: https://github.com/orgs/supabase/discussions/37217
   Generating static pages (0/14) ...
⚠️  Node.js 18 and below are deprecated and will no longer be supported in future versions of @supabase/supabase-js. Please upgrade to Node.js 20 or later. For more information, visit: https://github.com/orgs/supabase/discussions/37217
⚠️  Node.js 18 and below are deprecated and will no longer be supported in future versions of @supabase/supabase-js. Please upgrade to Node.js 20 or later. For more information, visit: https://github.com/orgs/supabase/discussions/37217
⚠️  Node.js 18 and below are deprecated and will no longer be supported in future versions of @supabase/supabase-js. Please upgrade to Node.js 20 or later. For more information, visit: https://github.com/orgs/supabase/discussions/37217
   Generating static pages (3/14) 
⚠️  Node.js 18 and below are deprecated and will no longer be supported in future versions of @supabase/supabase-js. Please upgrade to Node.js 20 or later. For more information, visit: https://github.com/orgs/supabase/discussions/37217
⚠️  Node.js 18 and below are deprecated and will no longer be supported in future versions of @supabase/supabase-js. Please upgrade to Node.js 20 or later. For more information, visit: https://github.com/orgs/supabase/discussions/37217
   Generating static pages (6/14) 
   Generating static pages (10/14) 
 ✓ Generating static pages (14/14)
   Finalizing page optimization ...
   Collecting build traces ...

Route (app)                              Size     First Load JS
┌ ƒ /                                    137 B          87.5 kB
├ ○ /_not-found                          875 B          88.2 kB
├ ƒ /api/edit                            0 B                0 B
├ ƒ /api/extract                         0 B                0 B
├ ƒ /api/generate                        0 B                0 B
├ ƒ /api/plans                           0 B                0 B
├ ƒ /api/plans/[planId]                  0 B                0 B
├ ƒ /callback                            0 B                0 B
├ ○ /login                               1.77 kB         151 kB
├ ○ /onboarding                          5.27 kB        92.6 kB
├ ƒ /plan/[planId]                       1.55 kB          95 kB
├ ○ /plan/new                            1.99 kB         158 kB
└ ○ /plans                               1.53 kB         151 kB
+ First Load JS shared by all            87.3 kB
  ├ chunks/117-baab43fc83142998.js       31.7 kB
  ├ chunks/fd9d1056-87da80e0c187477b.js  53.7 kB
  └ other shared chunks (total)          1.94 kB


ƒ Middleware                             79.9 kB

○  (Static)   prerendered as static content
ƒ  (Dynamic)  server-rendered on demand

